<?xml version="1.0" encoding="UTF-8"?>
<!-- Generated by org.testng.reporters.JUnitReportReporter -->
<testsuite hostname="LAPTOP-HU1F2IAJ" failures="0" tests="1" name="com.infosys.owt.api.ApiTest" time="2.194" errors="0" timestamp="2024-10-03T14:53:56 IST" skipped="0">
  <testcase classname="com.infosys.owt.api.ApiTest" name="addNewDevice" time="2.194"/>
  <system-out/>
</testsuite> <!-- com.infosys.owt.api.ApiTest -->
